[RECOVERABLE ERROR] NI_Convert_Image_File_Format(): Could not locate or open texture image file 'c:\spirit of speed\tripoli\bollard2.tga' for reading.
[RECOVERABLE ERROR] NI_Convert_Image_File_Format(): Could not locate or open texture image file 'c:\spirit of speed\tripoli\gr_wall.tga' for reading.
[RECOVERABLE ERROR] NI_Convert_Image_File_Format(): Could not locate or open texture image file 'c:\spirit of speed\tripoli\2trackskids.tga' for reading.
[RECOVERABLE ERROR] NI_Convert_Image_File_Format(): Could not locate or open texture image file 'c:\spirit of speed\tripoli\startinggrid.tga' for reading.
[RECOVERABLE ERROR] NI_Convert_Image_File_Format(): Could not locate or open texture image file 'c:\spirit of speed\tripoli\2dirt.tga' for reading.
[RECOVERABLE ERROR] NI_Convert_Image_File_Format(): Could not locate or open texture image file 'c:\spirit of speed\tripoli\2track.tga' for reading.
[RECOVERABLE ERROR] NI_Convert_Image_File_Format(): Could not locate or open texture image file 'c:\spirit of speed\tripoli\sandbank.tga' for reading.
[RECOVERABLE ERROR] NI_Convert_Image_File_Format(): Could not locate or open texture image file 'c:\spirit of speed\tripoli\grasssand.tga' for reading.
[RECOVERABLE ERROR] NI_Convert_Image_File_Format(): Could not locate or open texture image file 'c:\spirit of speed\tripoli\crowd.tga' for reading.
[RECOVERABLE ERROR] NI_Convert_Image_File_Format(): Could not locate or open texture image file 'c:\spirit of speed\tripoli\gr_back.tga' for reading.
[RECOVERABLE ERROR] NI_Convert_Image_File_Format(): Could not locate or open texture image file 'c:\spirit of speed\tripoli\gr_front.tga' for reading.
[RECOVERABLE ERROR] NI_Convert_Image_File_Format(): Could not locate or open texture image file 'c:\nictextures\timetowertower1.tga' for reading.
[RECOVERABLE ERROR] NI_Convert_Image_File_Format(): Could not locate or open texture image file 'c:\nictextures\timingtowergallery01.tga' for reading.
[RECOVERABLE ERROR] NI_Convert_Image_File_Format(): Could not locate or open texture image file 'c:\nictextures\timetower01.tga' for reading.
[RECOVERABLE ERROR] NI_Convert_Image_File_Format(): Could not locate or open texture image file 'c:\nictextures\timetowerside.tga' for reading.
[RECOVERABLE ERROR] NI_Convert_Image_File_Format(): Could not locate or open texture image file '\\bs_aled\d\spiritofspeed\tripoli\newbitmaps\tr-backgroundtrees.tga' for reading.
[RECOVERABLE ERROR] NI_Convert_Image_File_Format(): Could not locate or open texture image file 'c:\spirit of speed\tripoli\pits_comp.tga' for reading.
[RECOVERABLE ERROR] NI_Convert_Image_File_Format(): Could not locate or open texture image file 'c:\spirit of speed\tripoli\gr_lights.tga' for reading.
[RECOVERABLE ERROR] NI_Convert_Image_File_Format(): Could not locate or open texture image file 'c:\spirit of speed\tripoli\gr_pole.tga' for reading.
[RECOVERABLE ERROR] NI_Convert_Image_File_Format(): Could not locate or open texture image file '\\bs_aled\d\spiritofspeed\treelibrary\bitmaps\palm[r]-new.tga' for reading.
[RECOVERABLE ERROR] NI_Convert_Image_File_Format(): Could not locate or open texture image file '\\bs_aled\d\spiritofspeed\treelibrary\bitmaps\palm[l]-new.tga' for reading.
[RECOVERABLE ERROR] NI_Convert_Image_File_Format(): Could not locate or open texture image file 'c:\spirit of speed\tripoli\arrowsign.tga' for reading.
